  CadastroDeImoveisForm.cpp
  ConfigBancoForm.cpp
C:\Users\stell\OneDrive\Documentos\VisualStudio\Codigo C++\e-Imobweb\e-Imobweb\ConfigBancoForm.h(13,10): warning C4129: "S": sequência de escape de caracteres não reconhecida
  (compilando o arquivo fonte 'CadastroDeImoveisForm.cpp')
  
C:\Users\stell\OneDrive\Documentos\VisualStudio\Codigo C++\e-Imobweb\e-Imobweb\CadastroDeImoveisForm.h(1856,2): warning C4102: 'eImobweb': rótulo não referenciado
  (compilando o arquivo fonte 'CadastroDeImoveisForm.cpp')
  
C:\Users\stell\OneDrive\Documentos\VisualStudio\Codigo C++\e-Imobweb\e-Imobweb\ConfigBancoForm.h(13,10): warning C4129: "S": sequência de escape de caracteres não reconhecida
  (compilando o arquivo fonte 'ConfigBancoForm.cpp')
  
  EditarForm.cpp
C:\Users\stell\OneDrive\Documentos\VisualStudio\Codigo C++\e-Imobweb\e-Imobweb\ConfigBancoForm.h(13,10): warning C4129: "S": sequência de escape de caracteres não reconhecida
  (compilando o arquivo fonte 'EditarForm.cpp')
  
  Excluirform.cpp
C:\Users\stell\OneDrive\Documentos\VisualStudio\Codigo C++\e-Imobweb\e-Imobweb\ConfigBancoForm.h(13,10): warning C4129: "S": sequência de escape de caracteres não reconhecida
  (compilando o arquivo fonte 'Excluirform.cpp')
  
  ImobiliariaForm.cpp
C:\Users\stell\OneDrive\Documentos\VisualStudio\Codigo C++\e-Imobweb\e-Imobweb\ConfigBancoForm.h(13,10): warning C4129: "S": sequência de escape de caracteres não reconhecida
  (compilando o arquivo fonte 'ImobiliariaForm.cpp')
  
  ListaDeImoveisForm.cpp
C:\Users\stell\OneDrive\Documentos\VisualStudio\Codigo C++\e-Imobweb\e-Imobweb\ConfigBancoForm.h(13,10): warning C4129: "S": sequência de escape de caracteres não reconhecida
  (compilando o arquivo fonte 'ListaDeImoveisForm.cpp')
  
  Program.cpp
C:\Users\stell\OneDrive\Documentos\VisualStudio\Codigo C++\e-Imobweb\e-Imobweb\ConfigBancoForm.h(13,10): warning C4129: "S": sequência de escape de caracteres não reconhecida
  (compilando o arquivo fonte 'Program.cpp')
  
C:\Users\stell\OneDrive\Documentos\VisualStudio\Codigo C++\e-Imobweb\e-Imobweb\CadastroDeImoveisForm.h(1856,2): warning C4102: 'eImobweb': rótulo não referenciado
  (compilando o arquivo fonte 'Program.cpp')
  
C:\Users\stell\OneDrive\Documentos\VisualStudio\Codigo C++\e-Imobweb\e-Imobweb\Program.cpp(22,6): warning C4829: Parâmetros possivelmente incorretos para função main. Considere o uso de 'int main(Platform::Array<Platform::String^>^ argv)'
  Gerando Código...
  CadastroDeImoveisForm.obj : Módulo MSIL encontrado; vínculo incremental está desabilitado para MSIL; executando link completo
  e-Imobweb.vcxproj -> C:\Users\stell\OneDrive\Documentos\VisualStudio\Codigo C++\e-Imobweb\x64\Debug\e-Imobweb.exe
